c:\users\david\desktop\gp3coursework\intermediates\x64\debug\gp3coursework_x64.pch
c:\users\david\desktop\gp3coursework\intermediates\x64\debug\vc141.pdb
c:\users\david\desktop\gp3coursework\intermediates\x64\debug\vc141.idb
c:\users\david\desktop\gp3coursework\intermediates\x64\debug\pch.obj
c:\users\david\desktop\gp3coursework\intermediates\x64\debug\transform.obj
c:\users\david\desktop\gp3coursework\intermediates\x64\debug\texture.obj
c:\users\david\desktop\gp3coursework\intermediates\x64\debug\shaderprogram.obj
c:\users\david\desktop\gp3coursework\intermediates\x64\debug\shader.obj
c:\users\david\desktop\gp3coursework\intermediates\x64\debug\rigidbody.obj
c:\users\david\desktop\gp3coursework\intermediates\x64\debug\resources.obj
c:\users\david\desktop\gp3coursework\intermediates\x64\debug\physics.obj
c:\users\david\desktop\gp3coursework\intermediates\x64\debug\model.obj
c:\users\david\desktop\gp3coursework\intermediates\x64\debug\meshrenderer.obj
c:\users\david\desktop\gp3coursework\intermediates\x64\debug\mesh.obj
c:\users\david\desktop\gp3coursework\intermediates\x64\debug\log.obj
c:\users\david\desktop\gp3coursework\intermediates\x64\debug\input.obj
c:\users\david\desktop\gp3coursework\intermediates\x64\debug\gp3coursework.obj
c:\users\david\desktop\gp3coursework\intermediates\x64\debug\fpscamera.obj
c:\users\david\desktop\gp3coursework\intermediates\x64\debug\entity.obj
c:\users\david\desktop\gp3coursework\intermediates\x64\debug\collisionshape.obj
c:\users\david\desktop\gp3coursework\intermediates\x64\debug\cameracomp.obj
c:\users\david\desktop\gp3coursework\intermediates\x64\debug\camera.obj
c:\users\david\desktop\gp3coursework\intermediates\x64\debug\boxshape.obj
c:\users\david\desktop\gp3coursework\intermediates\x64\debug\application.obj
c:\users\david\desktop\gp3coursework\bin\x64\debug\gp3coursework_x64.pdb
c:\users\david\desktop\gp3coursework\intermediates\x64\debug\gp3coursework.tlog\cl.command.1.tlog
c:\users\david\desktop\gp3coursework\intermediates\x64\debug\gp3coursework.tlog\cl.read.1.tlog
c:\users\david\desktop\gp3coursework\intermediates\x64\debug\gp3coursework.tlog\cl.write.1.tlog
c:\users\david\desktop\gp3coursework\intermediates\x64\debug\gp3coursework.tlog\link.5080-cvtres.read.1.tlog
c:\users\david\desktop\gp3coursework\intermediates\x64\debug\gp3coursework.tlog\link.5080-cvtres.write.1.tlog
c:\users\david\desktop\gp3coursework\intermediates\x64\debug\gp3coursework.tlog\link.5080-rc.read.1.tlog
c:\users\david\desktop\gp3coursework\intermediates\x64\debug\gp3coursework.tlog\link.5080-rc.write.1.tlog
c:\users\david\desktop\gp3coursework\intermediates\x64\debug\gp3coursework.tlog\link.5080.read.1.tlog
c:\users\david\desktop\gp3coursework\intermediates\x64\debug\gp3coursework.tlog\link.5080.write.1.tlog
c:\users\david\desktop\gp3coursework\intermediates\x64\debug\gp3coursework.tlog\link.command.1.tlog
c:\users\david\desktop\gp3coursework\intermediates\x64\debug\gp3coursework.tlog\link.read.1.tlog
c:\users\david\desktop\gp3coursework\intermediates\x64\debug\gp3coursework.tlog\link.write.1.tlog
